# JRE version: OpenJDK Runtime Environment Microsoft-11933218 (21.0.8+9) (build 21.0.8+9-LTS)
# Java VM: OpenJDK 64-Bit Server VM Microsoft-11933218 (21.0.8+9-LTS, mixed mode, sharing, tiered, compressed oops, compressed class ptrs, g1 gc, windows-amd64)
GC Precious Log:
 CardTable entry size: 512
 Card Set container configuration: InlinePtr #cards 4 size 8 Array Of Cards #cards 16 size 48 Howl #buckets 8 coarsen threshold 3686 Howl Bitmap #cards 512 size 80 coarsen threshold 460 Card regions per heap region 1 cards per card region 4096
 CPUs: 12 total, 12 available
 Memory: 14188M
 Large Page Support: Disabled
 NUMA Support: Disabled
 Compressed Oops: Enabled (Zero based)
 Heap Region Size: 2M
 Heap Min Capacity: 8M
 Heap Initial Capacity: 222M
 Heap Max Capacity: 3548M
 Pre-touch: Disabled
 Parallel Workers: 10
 Concurrent Workers: 3
 Concurrent Refinement Workers: 10
 Periodic GC: Disabled
Heap:
 garbage-first heap   total 245760K, used 193939K [0x0000000722400000, 0x0000000800000000)
  region size 2048K, 59 young (120832K), 9 survivors (18432K)
 Metaspace       used 115242K, committed 116224K, reserved 1179648K
  class space    used 14260K, committed 14720K, reserved 1048576K
GC Heap History (20 events):
Event: 8.635 GC heap before
{Heap before GC invocations=29 (full 0):
 garbage-first heap   total 276480K, used 232546K [0x0000000722400000, 0x0000000800000000)
  region size 2048K, 81 young (165888K), 2 survivors (4096K)
 Metaspace       used 55547K, committed 56128K, reserved 1114112K
  class space    used 6769K, committed 7040K, reserved 1048576K
}
Event: 8.637 GC heap after
{Heap after GC invocations=30 (full 0):
 garbage-first heap   total 276480K, used 72855K [0x0000000722400000, 0x0000000800000000)
  region size 2048K, 2 young (4096K), 2 survivors (4096K)
 Metaspace       used 55547K, committed 56128K, reserved 1114112K
  class space    used 6769K, committed 7040K, reserved 1048576K
}
Event: 8.919 GC heap before
{Heap before GC invocations=31 (full 0):
 garbage-first heap   total 245760K, used 216215K [0x0000000722400000, 0x0000000800000000)
  region size 2048K, 72 young (147456K), 2 survivors (4096K)
 Metaspace       used 56795K, committed 57408K, reserved 1114112K
  class space    used 6976K, committed 7232K, reserved 1048576K
}
Event: 8.922 GC heap after
{Heap after GC invocations=32 (full 0):
 garbage-first heap   total 245760K, used 73942K [0x0000000722400000, 0x0000000800000000)
  region size 2048K, 3 young (6144K), 3 survivors (6144K)
 Metaspace       used 56795K, committed 57408K, reserved 1114112K
  class space    used 6976K, committed 7232K, reserved 1048576K
}
Event: 10.082 GC heap before
{Heap before GC invocations=32 (full 0):
 garbage-first heap   total 245760K, used 215254K [0x0000000722400000, 0x0000000800000000)
  region size 2048K, 72 young (147456K), 3 survivors (6144K)
 Metaspace       used 63506K, committed 64128K, reserved 1114112K
  class space    used 7983K, committed 8256K, reserved 1048576K
}
Event: 10.086 GC heap after
{Heap after GC invocations=33 (full 0):
 garbage-first heap   total 245760K, used 74516K [0x0000000722400000, 0x0000000800000000)
  region size 2048K, 4 young (8192K), 4 survivors (8192K)
 Metaspace       used 63506K, committed 64128K, reserved 1114112K
  class space    used 7983K, committed 8256K, reserved 1048576K
}
Event: 10.255 GC heap before
{Heap before GC invocations=33 (full 0):
 garbage-first heap   total 245760K, used 213780K [0x0000000722400000, 0x0000000800000000)
  region size 2048K, 72 young (147456K), 4 survivors (8192K)
 Metaspace       used 63564K, committed 64192K, reserved 1114112K
  class space    used 7985K, committed 8256K, reserved 1048576K
}
Event: 10.258 GC heap after
{Heap after GC invocations=34 (full 0):
 garbage-first heap   total 245760K, used 74126K [0x0000000722400000, 0x0000000800000000)
  region size 2048K, 4 young (8192K), 4 survivors (8192K)
 Metaspace       used 63564K, committed 64192K, reserved 1114112K
  class space    used 7985K, committed 8256K, reserved 1048576K
}
Event: 10.939 GC heap before
{Heap before GC invocations=35 (full 0):
 garbage-first heap   total 245760K, used 211342K [0x0000000722400000, 0x0000000800000000)
  region size 2048K, 72 young (147456K), 4 survivors (8192K)
 Metaspace       used 69600K, committed 70208K, reserved 1114112K
  class space    used 8563K, committed 8832K, reserved 1048576K
}
Event: 10.943 GC heap after
{Heap after GC invocations=36 (full 0):
 garbage-first heap   total 245760K, used 76243K [0x0000000722400000, 0x0000000800000000)
  region size 2048K, 5 young (10240K), 5 survivors (10240K)
 Metaspace       used 69600K, committed 70208K, reserved 1114112K
  class space    used 8563K, committed 8832K, reserved 1048576K
}
Event: 11.167 GC heap before
{Heap before GC invocations=36 (full 0):
 garbage-first heap   total 245760K, used 211411K [0x0000000722400000, 0x0000000800000000)
  region size 2048K, 72 young (147456K), 5 survivors (10240K)
 Metaspace       used 72589K, committed 73280K, reserved 1114112K
  class space    used 8902K, committed 9216K, reserved 1048576K
}
Event: 11.172 GC heap after
{Heap after GC invocations=37 (full 0):
 garbage-first heap   total 245760K, used 75404K [0x0000000722400000, 0x0000000800000000)
  region size 2048K, 6 young (12288K), 6 survivors (12288K)
 Metaspace       used 72589K, committed 73280K, reserved 1114112K
  class space    used 8902K, committed 9216K, reserved 1048576K
}
Event: 11.310 GC heap before
{Heap before GC invocations=37 (full 0):
 garbage-first heap   total 245760K, used 210572K [0x0000000722400000, 0x0000000800000000)
  region size 2048K, 72 young (147456K), 6 survivors (12288K)
 Metaspace       used 74302K, committed 74880K, reserved 1114112K
  class space    used 9062K, committed 9344K, reserved 1048576K
}
Event: 11.314 GC heap after
{Heap after GC invocations=38 (full 0):
 garbage-first heap   total 245760K, used 76988K [0x0000000722400000, 0x0000000800000000)
  region size 2048K, 6 young (12288K), 6 survivors (12288K)
 Metaspace       used 74302K, committed 74880K, reserved 1114112K
  class space    used 9062K, committed 9344K, reserved 1048576K
}
Event: 11.984 GC heap before
{Heap before GC invocations=39 (full 0):
 garbage-first heap   total 245760K, used 212156K [0x0000000722400000, 0x0000000800000000)
  region size 2048K, 72 young (147456K), 6 survivors (12288K)
 Metaspace       used 78615K, committed 79296K, reserved 1179648K
  class space    used 9537K, committed 9856K, reserved 1048576K
}
Event: 11.990 GC heap after
{Heap after GC invocations=40 (full 0):
 garbage-first heap   total 245760K, used 78335K [0x0000000722400000, 0x0000000800000000)
  region size 2048K, 6 young (12288K), 6 survivors (12288K)
 Metaspace       used 78615K, committed 79296K, reserved 1179648K
  class space    used 9537K, committed 9856K, reserved 1048576K
}
Event: 14.064 GC heap before
{Heap before GC invocations=40 (full 0):
 garbage-first heap   total 245760K, used 213503K [0x0000000722400000, 0x0000000800000000)
  region size 2048K, 72 young (147456K), 6 survivors (12288K)
 Metaspace       used 94974K, committed 95744K, reserved 1179648K
  class space    used 11374K, committed 11712K, reserved 1048576K
}
Event: 14.077 GC heap after
{Heap after GC invocations=41 (full 0):
 garbage-first heap   total 245760K, used 85633K [0x0000000722400000, 0x0000000800000000)
  region size 2048K, 9 young (18432K), 9 survivors (18432K)
 Metaspace       used 94974K, committed 95744K, reserved 1179648K
  class space    used 11374K, committed 11712K, reserved 1048576K
}
Event: 15.812 GC heap before
{Heap before GC invocations=41 (full 0):
 garbage-first heap   total 245760K, used 212609K [0x0000000722400000, 0x0000000800000000)
  region size 2048K, 71 young (145408K), 9 survivors (18432K)
 Metaspace       used 101949K, committed 102976K, reserved 1179648K
  class space    used 12452K, committed 12928K, reserved 1048576K
}
Event: 15.824 GC heap after
{Heap after GC invocations=42 (full 0):
 garbage-first heap   total 245760K, used 93587K [0x0000000722400000, 0x0000000800000000)
  region size 2048K, 9 young (18432K), 9 survivors (18432K)
 Metaspace       used 101949K, committed 102976K, reserved 1179648K
  class space    used 12452K, committed 12928K, reserved 1048576K
}

